Analysis & Synthesis report for multiplier
Fri Sep 23 17:49:29 2022
Quartus Prime Version 20.1.1 Build 720 11/11/2020 SJ Lite Edition


---------------------
; Table of Contents ;
---------------------
  1. Legal Notice
  2. Analysis & Synthesis Summary
  3. Analysis & Synthesis Settings
  4. Parallel Compilation
  5. Analysis & Synthesis Source Files Read
  6. Analysis & Synthesis Resource Usage Summary
  7. Analysis & Synthesis Resource Utilization by Entity
  8. State Machine - |multiplier32|controlunit:control_unit_inst|curr_state
  9. User-Specified and Inferred Latches
 10. Registers Removed During Synthesis
 11. General Register Statistics
 12. Multiplexer Restructuring Statistics (Restructuring Performed)
 13. Port Connectivity Checks: "productregister:product_reg_inst"
 14. Post-Synthesis Netlist Statistics for Top Partition
 15. Elapsed Time Per Partition
 16. Analysis & Synthesis Messages



----------------
; Legal Notice ;
----------------
Copyright (C) 2020  Intel Corporation. All rights reserved.
Your use of Intel Corporation's design tools, logic functions 
and other software and tools, and any partner logic 
functions, and any output files from any of the foregoing 
(including device programming or simulation files), and any 
associated documentation or information are expressly subject 
to the terms and conditions of the Intel Program License 
Subscription Agreement, the Intel Quartus Prime License Agreement,
the Intel FPGA IP License Agreement, or other applicable license
agreement, including, without limitation, that your use is for
the sole purpose of programming logic devices manufactured by
Intel and sold by Intel or its authorized distributors.  Please
refer to the applicable agreement for further details, at
https://fpgasoftware.intel.com/eula.



+----------------------------------------------------------------------------------+
; Analysis & Synthesis Summary                                                     ;
+------------------------------------+---------------------------------------------+
; Analysis & Synthesis Status        ; Successful - Fri Sep 23 17:49:28 2022       ;
; Quartus Prime Version              ; 20.1.1 Build 720 11/11/2020 SJ Lite Edition ;
; Revision Name                      ; multiplier                                  ;
; Top-level Entity Name              ; multiplier32                                ;
; Family                             ; MAX 10                                      ;
; Total logic elements               ; 215                                         ;
;     Total combinational functions  ; 183                                         ;
;     Dedicated logic registers      ; 130                                         ;
; Total registers                    ; 130                                         ;
; Total pins                         ; 197                                         ;
; Total virtual pins                 ; 0                                           ;
; Total memory bits                  ; 0                                           ;
; Embedded Multiplier 9-bit elements ; 0                                           ;
; Total PLLs                         ; 0                                           ;
; UFM blocks                         ; 0                                           ;
; ADC blocks                         ; 0                                           ;
+------------------------------------+---------------------------------------------+


+------------------------------------------------------------------------------------------------------------+
; Analysis & Synthesis Settings                                                                              ;
+------------------------------------------------------------------+--------------------+--------------------+
; Option                                                           ; Setting            ; Default Value      ;
+------------------------------------------------------------------+--------------------+--------------------+
; Device                                                           ; 10M50DAF484C6GES   ;                    ;
; Top-level entity name                                            ; multiplier32       ; multiplier         ;
; Family name                                                      ; MAX 10             ; Cyclone V          ;
; Use smart compilation                                            ; Off                ; Off                ;
; Enable parallel Assembler and Timing Analyzer during compilation ; On                 ; On                 ;
; Enable compact report table                                      ; Off                ; Off                ;
; Restructure Multiplexers                                         ; Auto               ; Auto               ;
; Create Debugging Nodes for IP Cores                              ; Off                ; Off                ;
; Preserve fewer node names                                        ; On                 ; On                 ;
; Intel FPGA IP Evaluation Mode                                    ; Enable             ; Enable             ;
; Verilog Version                                                  ; Verilog_2001       ; Verilog_2001       ;
; VHDL Version                                                     ; VHDL_1993          ; VHDL_1993          ;
; State Machine Processing                                         ; Auto               ; Auto               ;
; Safe State Machine                                               ; Off                ; Off                ;
; Extract Verilog State Machines                                   ; On                 ; On                 ;
; Extract VHDL State Machines                                      ; On                 ; On                 ;
; Ignore Verilog initial constructs                                ; Off                ; Off                ;
; Iteration limit for constant Verilog loops                       ; 5000               ; 5000               ;
; Iteration limit for non-constant Verilog loops                   ; 250                ; 250                ;
; Add Pass-Through Logic to Inferred RAMs                          ; On                 ; On                 ;
; Infer RAMs from Raw Logic                                        ; On                 ; On                 ;
; Parallel Synthesis                                               ; On                 ; On                 ;
; DSP Block Balancing                                              ; Auto               ; Auto               ;
; NOT Gate Push-Back                                               ; On                 ; On                 ;
; Power-Up Don't Care                                              ; On                 ; On                 ;
; Remove Redundant Logic Cells                                     ; Off                ; Off                ;
; Remove Duplicate Registers                                       ; On                 ; On                 ;
; Ignore CARRY Buffers                                             ; Off                ; Off                ;
; Ignore CASCADE Buffers                                           ; Off                ; Off                ;
; Ignore GLOBAL Buffers                                            ; Off                ; Off                ;
; Ignore ROW GLOBAL Buffers                                        ; Off                ; Off                ;
; Ignore LCELL Buffers                                             ; Off                ; Off                ;
; Ignore SOFT Buffers                                              ; On                 ; On                 ;
; Limit AHDL Integers to 32 Bits                                   ; Off                ; Off                ;
; Optimization Technique                                           ; Balanced           ; Balanced           ;
; Carry Chain Length                                               ; 70                 ; 70                 ;
; Auto Carry Chains                                                ; On                 ; On                 ;
; Auto Open-Drain Pins                                             ; On                 ; On                 ;
; Perform WYSIWYG Primitive Resynthesis                            ; Off                ; Off                ;
; Auto ROM Replacement                                             ; On                 ; On                 ;
; Auto RAM Replacement                                             ; On                 ; On                 ;
; Auto DSP Block Replacement                                       ; On                 ; On                 ;
; Auto Shift Register Replacement                                  ; Auto               ; Auto               ;
; Allow Shift Register Merging across Hierarchies                  ; Auto               ; Auto               ;
; Auto Clock Enable Replacement                                    ; On                 ; On                 ;
; Strict RAM Replacement                                           ; Off                ; Off                ;
; Allow Synchronous Control Signals                                ; On                 ; On                 ;
; Force Use of Synchronous Clear Signals                           ; Off                ; Off                ;
; Auto RAM Block Balancing                                         ; On                 ; On                 ;
; Auto RAM to Logic Cell Conversion                                ; Off                ; Off                ;
; Auto Resource Sharing                                            ; Off                ; Off                ;
; Allow Any RAM Size For Recognition                               ; Off                ; Off                ;
; Allow Any ROM Size For Recognition                               ; Off                ; Off                ;
; Allow Any Shift Register Size For Recognition                    ; Off                ; Off                ;
; Use LogicLock Constraints during Resource Balancing              ; On                 ; On                 ;
; Ignore translate_off and synthesis_off directives                ; Off                ; Off                ;
; Timing-Driven Synthesis                                          ; On                 ; On                 ;
; Report Parameter Settings                                        ; On                 ; On                 ;
; Report Source Assignments                                        ; On                 ; On                 ;
; Report Connectivity Checks                                       ; On                 ; On                 ;
; Ignore Maximum Fan-Out Assignments                               ; Off                ; Off                ;
; Synchronization Register Chain Length                            ; 2                  ; 2                  ;
; Power Optimization During Synthesis                              ; Normal compilation ; Normal compilation ;
; HDL message level                                                ; Level2             ; Level2             ;
; Suppress Register Optimization Related Messages                  ; Off                ; Off                ;
; Number of Removed Registers Reported in Synthesis Report         ; 5000               ; 5000               ;
; Number of Swept Nodes Reported in Synthesis Report               ; 5000               ; 5000               ;
; Number of Inverted Registers Reported in Synthesis Report        ; 100                ; 100                ;
; Clock MUX Protection                                             ; On                 ; On                 ;
; Auto Gated Clock Conversion                                      ; Off                ; Off                ;
; Block Design Naming                                              ; Auto               ; Auto               ;
; SDC constraint protection                                        ; Off                ; Off                ;
; Synthesis Effort                                                 ; Auto               ; Auto               ;
; Shift Register Replacement - Allow Asynchronous Clear Signal     ; On                 ; On                 ;
; Pre-Mapping Resynthesis Optimization                             ; Off                ; Off                ;
; Analysis & Synthesis Message Level                               ; Medium             ; Medium             ;
; Disable Register Merging Across Hierarchies                      ; Auto               ; Auto               ;
; Resource Aware Inference For Block RAM                           ; On                 ; On                 ;
+------------------------------------------------------------------+--------------------+--------------------+


+------------------------------------------+
; Parallel Compilation                     ;
+----------------------------+-------------+
; Processors                 ; Number      ;
+----------------------------+-------------+
; Number detected on machine ; 8           ;
; Maximum allowed            ; 4           ;
;                            ;             ;
; Average used               ; 1.00        ;
; Maximum used               ; 4           ;
;                            ;             ;
; Usage by Processor         ; % Time Used ;
;     Processor 1            ; 100.0%      ;
;     Processor 2            ;   0.0%      ;
;     Processors 3-4         ;   0.0%      ;
+----------------------------+-------------+


+------------------------------------------------------------------------------------------------------------------------------------------------------------------+
; Analysis & Synthesis Source Files Read                                                                                                                           ;
+----------------------------------+-----------------+-----------------+---------------------------------------------------------------------------------+---------+
; File Name with User-Entered Path ; Used in Netlist ; File Type       ; File Name with Absolute Path                                                    ; Library ;
+----------------------------------+-----------------+-----------------+---------------------------------------------------------------------------------+---------+
; src/productregister.vhd          ; yes             ; User VHDL File  ; C:/Users/natha/Desktop/github/32-bit-multiplier-private/src/productregister.vhd ;         ;
; src/multiplier32.vhd             ; yes             ; User VHDL File  ; C:/Users/natha/Desktop/github/32-bit-multiplier-private/src/multiplier32.vhd    ;         ;
; src/multiplicand32.vhd           ; yes             ; User VHDL File  ; C:/Users/natha/Desktop/github/32-bit-multiplier-private/src/multiplicand32.vhd  ;         ;
; src/controlunit.vhd              ; yes             ; User VHDL File  ; C:/Users/natha/Desktop/github/32-bit-multiplier-private/src/controlunit.vhd     ;         ;
; src/adder32.vhd                  ; yes             ; User VHDL File  ; C:/Users/natha/Desktop/github/32-bit-multiplier-private/src/adder32.vhd         ;         ;
+----------------------------------+-----------------+-----------------+---------------------------------------------------------------------------------+---------+


+---------------------------------------------------------+
; Analysis & Synthesis Resource Usage Summary             ;
+---------------------------------------------+-----------+
; Resource                                    ; Usage     ;
+---------------------------------------------+-----------+
; Estimated Total logic elements              ; 215       ;
;                                             ;           ;
; Total combinational functions               ; 183       ;
; Logic element usage by number of LUT inputs ;           ;
;     -- 4 input functions                    ; 15        ;
;     -- 3 input functions                    ; 99        ;
;     -- <=2 input functions                  ; 69        ;
;                                             ;           ;
; Logic elements by mode                      ;           ;
;     -- normal mode                          ; 122       ;
;     -- arithmetic mode                      ; 61        ;
;                                             ;           ;
; Total registers                             ; 130       ;
;     -- Dedicated logic registers            ; 130       ;
;     -- I/O registers                        ; 0         ;
;                                             ;           ;
; I/O pins                                    ; 197       ;
;                                             ;           ;
; Embedded Multiplier 9-bit elements          ; 0         ;
;                                             ;           ;
; Maximum fan-out node                        ; clk~input ;
; Maximum fan-out                             ; 130       ;
; Total fan-out                               ; 1175      ;
; Average fan-out                             ; 1.66      ;
+---------------------------------------------+-----------+


+----------------------------------------------------------------------------------------------------------------------------------------------------------------------------------------------------------------------------------------------------------------------------------+
; Analysis & Synthesis Resource Utilization by Entity                                                                                                                                                                                                                              ;
+-----------------------------------------+---------------------+---------------------------+-------------+------------+--------------+---------+-----------+------+--------------+------------+--------------------------------------------------+-----------------+--------------+
; Compilation Hierarchy Node              ; Combinational ALUTs ; Dedicated Logic Registers ; Memory Bits ; UFM Blocks ; DSP Elements ; DSP 9x9 ; DSP 18x18 ; Pins ; Virtual Pins ; ADC blocks ; Full Hierarchy Name                              ; Entity Name     ; Library Name ;
+-----------------------------------------+---------------------+---------------------------+-------------+------------+--------------+---------+-----------+------+--------------+------------+--------------------------------------------------+-----------------+--------------+
; |multiplier32                           ; 183 (0)             ; 130 (0)                   ; 0           ; 0          ; 0            ; 0       ; 0         ; 197  ; 0            ; 0          ; |multiplier32                                    ; multiplier32    ; work         ;
;    |adder32:adder_inst|                 ; 64 (64)             ; 0 (0)                     ; 0           ; 0          ; 0            ; 0       ; 0         ; 0    ; 0            ; 0          ; |multiplier32|adder32:adder_inst                 ; adder32         ; work         ;
;    |controlunit:control_unit_inst|      ; 47 (47)             ; 34 (34)                   ; 0           ; 0          ; 0            ; 0       ; 0         ; 0    ; 0            ; 0          ; |multiplier32|controlunit:control_unit_inst      ; controlunit     ; work         ;
;    |multiplicand32:multiplicand32_inst| ; 0 (0)               ; 32 (32)                   ; 0           ; 0          ; 0            ; 0       ; 0         ; 0    ; 0            ; 0          ; |multiplier32|multiplicand32:multiplicand32_inst ; multiplicand32  ; work         ;
;    |productregister:product_reg_inst|   ; 72 (72)             ; 64 (64)                   ; 0           ; 0          ; 0            ; 0       ; 0         ; 0    ; 0            ; 0          ; |multiplier32|productregister:product_reg_inst   ; productregister ; work         ;
+-----------------------------------------+---------------------+---------------------------+-------------+------------+--------------+---------+-----------+------+--------------+------------+--------------------------------------------------+-----------------+--------------+
Note: For table entries with two numbers listed, the numbers in parentheses indicate the number of resources of the given type used by the specific entity alone. The numbers listed outside of parentheses indicate the total resources of the given type used by the specific entity and all of its sub-entities in the hierarchy.


Encoding Type:  One-Hot
+-----------------------------------------------------------------------------------------------------------------------+
; State Machine - |multiplier32|controlunit:control_unit_inst|curr_state                                                ;
+------------------------+----------------------+------------------------+-----------------------+----------------------+
; Name                   ; curr_state.add_state ; curr_state.shift_state ; curr_state.load_state ; curr_state.end_state ;
+------------------------+----------------------+------------------------+-----------------------+----------------------+
; curr_state.end_state   ; 0                    ; 0                      ; 0                     ; 0                    ;
; curr_state.load_state  ; 0                    ; 0                      ; 1                     ; 1                    ;
; curr_state.shift_state ; 0                    ; 1                      ; 0                     ; 1                    ;
; curr_state.add_state   ; 1                    ; 0                      ; 0                     ; 1                    ;
+------------------------+----------------------+------------------------+-----------------------+----------------------+


+---------------------------------------------------------------------------------------------------------+
; User-Specified and Inferred Latches                                                                     ;
+----------------------------------------------------------+---------------------+------------------------+
; Latch Name                                               ; Latch Enable Signal ; Free of Timing Hazards ;
+----------------------------------------------------------+---------------------+------------------------+
; controlunit:control_unit_inst|next_state.add_state_168   ; GND                 ; yes                    ;
; controlunit:control_unit_inst|next_state.shift_state_177 ; GND                 ; yes                    ;
; Number of user-specified and inferred latches = 2        ;                     ;                        ;
+----------------------------------------------------------+---------------------+------------------------+
Note: All latches listed above may not be present at the end of synthesis due to various synthesis optimizations.


+--------------------------------------------------------------------------+
; Registers Removed During Synthesis                                       ;
+-----------------------------------------------------+--------------------+
; Register name                                       ; Reason for Removal ;
+-----------------------------------------------------+--------------------+
; controlunit:control_unit_inst|curr_state.end_state  ; Lost fanout        ;
; controlunit:control_unit_inst|curr_state.load_state ; Lost fanout        ;
; Total Number of Removed Registers = 2               ;                    ;
+-----------------------------------------------------+--------------------+


+------------------------------------------------------+
; General Register Statistics                          ;
+----------------------------------------------+-------+
; Statistic                                    ; Value ;
+----------------------------------------------+-------+
; Total registers                              ; 130   ;
; Number of registers using Synchronous Clear  ; 32    ;
; Number of registers using Synchronous Load   ; 0     ;
; Number of registers using Asynchronous Clear ; 0     ;
; Number of registers using Asynchronous Load  ; 0     ;
; Number of registers using Clock Enable       ; 63    ;
; Number of registers using Preset             ; 0     ;
+----------------------------------------------+-------+


+------------------------------------------------------------------------------------------------------------------------------------------------------------------------------+
; Multiplexer Restructuring Statistics (Restructuring Performed)                                                                                                               ;
+--------------------+-----------+---------------+----------------------+------------------------+------------+----------------------------------------------------------------+
; Multiplexer Inputs ; Bus Width ; Baseline Area ; Area if Restructured ; Saving if Restructured ; Registered ; Example Multiplexer Output                                     ;
+--------------------+-----------+---------------+----------------------+------------------------+------------+----------------------------------------------------------------+
; 3:1                ; 32 bits   ; 64 LEs        ; 32 LEs               ; 32 LEs                 ; Yes        ; |multiplier32|productregister:product_reg_inst|product_reg[0]  ;
; 4:1                ; 31 bits   ; 62 LEs        ; 62 LEs               ; 0 LEs                  ; Yes        ; |multiplier32|productregister:product_reg_inst|product_reg[33] ;
+--------------------+-----------+---------------+----------------------+------------------------+------------+----------------------------------------------------------------+


+----------------------------------------------------------------------------------------------------------------+
; Port Connectivity Checks: "productregister:product_reg_inst"                                                   ;
+------+--------+----------+-------------------------------------------------------------------------------------+
; Port ; Type   ; Severity ; Details                                                                             ;
+------+--------+----------+-------------------------------------------------------------------------------------+
; hi   ; Input  ; Info     ; Stuck at GND                                                                        ;
; lsb  ; Output ; Info     ; Connected to dangling logic. Logic that only feeds a dangling port will be removed. ;
+------+--------+----------+-------------------------------------------------------------------------------------+


+-----------------------------------------------------+
; Post-Synthesis Netlist Statistics for Top Partition ;
+-----------------------+-----------------------------+
; Type                  ; Count                       ;
+-----------------------+-----------------------------+
; boundary_port         ; 197                         ;
; cycloneiii_ff         ; 130                         ;
;     ENA               ; 32                          ;
;     ENA SCLR          ; 31                          ;
;     SCLR              ; 1                           ;
;     plain             ; 66                          ;
; cycloneiii_lcell_comb ; 184                         ;
;     arith             ; 61                          ;
;         2 data inputs ; 29                          ;
;         3 data inputs ; 32                          ;
;     normal            ; 123                         ;
;         0 data inputs ; 1                           ;
;         1 data inputs ; 2                           ;
;         2 data inputs ; 38                          ;
;         3 data inputs ; 67                          ;
;         4 data inputs ; 15                          ;
;                       ;                             ;
; Max LUT depth         ; 5.60                        ;
; Average LUT depth     ; 3.30                        ;
+-----------------------+-----------------------------+


+-------------------------------+
; Elapsed Time Per Partition    ;
+----------------+--------------+
; Partition Name ; Elapsed Time ;
+----------------+--------------+
; Top            ; 00:00:01     ;
+----------------+--------------+


+-------------------------------+
; Analysis & Synthesis Messages ;
+-------------------------------+
Info: *******************************************************************
Info: Running Quartus Prime Analysis & Synthesis
    Info: Version 20.1.1 Build 720 11/11/2020 SJ Lite Edition
    Info: Processing started: Fri Sep 23 17:49:12 2022
Info: Command: quartus_map --read_settings_files=on --write_settings_files=off multiplier -c multiplier
Warning (18236): Number of processors has not been specified which may cause overloading on shared machines.  Set the global assignment NUM_PARALLEL_PROCESSORS in your QSF to an appropriate value for best performance.
Info (20030): Parallel compilation is enabled and will use 4 of the 4 processors detected
Warning (12019): Can't analyze file -- file src/productregister_tb.vhd is missing
Info (12021): Found 2 design units, including 1 entities, in source file src/productregister.vhd
    Info (12022): Found design unit 1: productregister-rtl File: C:/Users/natha/Desktop/github/32-bit-multiplier-private/src/productregister.vhd Line: 19
    Info (12023): Found entity 1: productregister File: C:/Users/natha/Desktop/github/32-bit-multiplier-private/src/productregister.vhd Line: 5
Info (12021): Found 2 design units, including 1 entities, in source file src/multiplier32.vhd
    Info (12022): Found design unit 1: multiplier32-rtl File: C:/Users/natha/Desktop/github/32-bit-multiplier-private/src/multiplier32.vhd Line: 18
    Info (12023): Found entity 1: multiplier32 File: C:/Users/natha/Desktop/github/32-bit-multiplier-private/src/multiplier32.vhd Line: 5
Info (12021): Found 2 design units, including 1 entities, in source file src/multiplicand32.vhd
    Info (12022): Found design unit 1: multiplicand32-rtl File: C:/Users/natha/Desktop/github/32-bit-multiplier-private/src/multiplicand32.vhd Line: 14
    Info (12023): Found entity 1: multiplicand32 File: C:/Users/natha/Desktop/github/32-bit-multiplier-private/src/multiplicand32.vhd Line: 5
Info (12021): Found 2 design units, including 1 entities, in source file src/controlunit.vhd
    Info (12022): Found design unit 1: controlunit-rtl File: C:/Users/natha/Desktop/github/32-bit-multiplier-private/src/controlunit.vhd Line: 15
    Info (12023): Found entity 1: controlunit File: C:/Users/natha/Desktop/github/32-bit-multiplier-private/src/controlunit.vhd Line: 5
Info (12021): Found 2 design units, including 1 entities, in source file src/adder32.vhd
    Info (12022): Found design unit 1: adder32-rtl File: C:/Users/natha/Desktop/github/32-bit-multiplier-private/src/adder32.vhd Line: 14
    Info (12023): Found entity 1: adder32 File: C:/Users/natha/Desktop/github/32-bit-multiplier-private/src/adder32.vhd Line: 6
Info (12021): Found 2 design units, including 1 entities, in source file testbenchs/multiplier32_tb.vhd
    Info (12022): Found design unit 1: multiplier32_tb-testbench File: C:/Users/natha/Desktop/github/32-bit-multiplier-private/testbenchs/multiplier32_tb.vhd Line: 8
    Info (12023): Found entity 1: multiplier32_tb File: C:/Users/natha/Desktop/github/32-bit-multiplier-private/testbenchs/multiplier32_tb.vhd Line: 5
Info (12021): Found 2 design units, including 1 entities, in source file testbenchs/controlunit_tb.vhd
    Info (12022): Found design unit 1: controlunit_tb-testbench File: C:/Users/natha/Desktop/github/32-bit-multiplier-private/testbenchs/controlunit_tb.vhd Line: 8
    Info (12023): Found entity 1: controlunit_tb File: C:/Users/natha/Desktop/github/32-bit-multiplier-private/testbenchs/controlunit_tb.vhd Line: 5
Info (12021): Found 2 design units, including 1 entities, in source file testbenchs/adder32_tb.vhd
    Info (12022): Found design unit 1: adder32_tb-testbench File: C:/Users/natha/Desktop/github/32-bit-multiplier-private/testbenchs/adder32_tb.vhd Line: 8
    Info (12023): Found entity 1: adder32_tb File: C:/Users/natha/Desktop/github/32-bit-multiplier-private/testbenchs/adder32_tb.vhd Line: 5
Info (12127): Elaborating entity "multiplier32" for the top level hierarchy
Warning (10036): Verilog HDL or VHDL warning at multiplier32.vhd(63): object "reset_con_sig" assigned a value but never read File: C:/Users/natha/Desktop/github/32-bit-multiplier-private/src/multiplier32.vhd Line: 63
Warning (10036): Verilog HDL or VHDL warning at multiplier32.vhd(64): object "product_lsb" assigned a value but never read File: C:/Users/natha/Desktop/github/32-bit-multiplier-private/src/multiplier32.vhd Line: 64
Warning (10036): Verilog HDL or VHDL warning at multiplier32.vhd(66): object "hi_product" assigned a value but never read File: C:/Users/natha/Desktop/github/32-bit-multiplier-private/src/multiplier32.vhd Line: 66
Info (12128): Elaborating entity "adder32" for hierarchy "adder32:adder_inst" File: C:/Users/natha/Desktop/github/32-bit-multiplier-private/src/multiplier32.vhd Line: 72
Info (12128): Elaborating entity "productregister" for hierarchy "productregister:product_reg_inst" File: C:/Users/natha/Desktop/github/32-bit-multiplier-private/src/multiplier32.vhd Line: 80
Info (12128): Elaborating entity "controlunit" for hierarchy "controlunit:control_unit_inst" File: C:/Users/natha/Desktop/github/32-bit-multiplier-private/src/multiplier32.vhd Line: 94
Warning (10492): VHDL Process Statement warning at controlunit.vhd(50): signal "count" is read inside the Process Statement but isn't in the Process Statement's sensitivity list File: C:/Users/natha/Desktop/github/32-bit-multiplier-private/src/controlunit.vhd Line: 50
Warning (10631): VHDL Process Statement warning at controlunit.vhd(39): inferring latch(es) for signal or variable "next_state", which holds its previous value in one or more paths through the process File: C:/Users/natha/Desktop/github/32-bit-multiplier-private/src/controlunit.vhd Line: 39
Info (10041): Inferred latch for "next_state.add_state" at controlunit.vhd(39) File: C:/Users/natha/Desktop/github/32-bit-multiplier-private/src/controlunit.vhd Line: 39
Info (10041): Inferred latch for "next_state.shift_state" at controlunit.vhd(39) File: C:/Users/natha/Desktop/github/32-bit-multiplier-private/src/controlunit.vhd Line: 39
Info (10041): Inferred latch for "next_state.load_state" at controlunit.vhd(39) File: C:/Users/natha/Desktop/github/32-bit-multiplier-private/src/controlunit.vhd Line: 39
Info (10041): Inferred latch for "next_state.end_state" at controlunit.vhd(39) File: C:/Users/natha/Desktop/github/32-bit-multiplier-private/src/controlunit.vhd Line: 39
Info (12128): Elaborating entity "multiplicand32" for hierarchy "multiplicand32:multiplicand32_inst" File: C:/Users/natha/Desktop/github/32-bit-multiplier-private/src/multiplier32.vhd Line: 102
Warning (13024): Output pins are stuck at VCC or GND
    Warning (13410): Pin "load_con" is stuck at GND File: C:/Users/natha/Desktop/github/32-bit-multiplier-private/src/multiplier32.vhd Line: 8
Info (286030): Timing-Driven Synthesis is running
Info (17049): 2 registers lost all their fanouts during netlist optimizations.
Info (16010): Generating hard_block partition "hard_block:auto_generated_inst"
    Info (16011): Adding 0 node(s), including 0 DDIO, 0 PLL, 0 transceiver and 0 LCELL
Warning (21074): Design contains 32 input pin(s) that do not drive logic
    Warning (15610): No output dependent on input pin "multiplier[0]" File: C:/Users/natha/Desktop/github/32-bit-multiplier-private/src/multiplier32.vhd Line: 10
    Warning (15610): No output dependent on input pin "multiplier[1]" File: C:/Users/natha/Desktop/github/32-bit-multiplier-private/src/multiplier32.vhd Line: 10
    Warning (15610): No output dependent on input pin "multiplier[2]" File: C:/Users/natha/Desktop/github/32-bit-multiplier-private/src/multiplier32.vhd Line: 10
    Warning (15610): No output dependent on input pin "multiplier[3]" File: C:/Users/natha/Desktop/github/32-bit-multiplier-private/src/multiplier32.vhd Line: 10
    Warning (15610): No output dependent on input pin "multiplier[4]" File: C:/Users/natha/Desktop/github/32-bit-multiplier-private/src/multiplier32.vhd Line: 10
    Warning (15610): No output dependent on input pin "multiplier[5]" File: C:/Users/natha/Desktop/github/32-bit-multiplier-private/src/multiplier32.vhd Line: 10
    Warning (15610): No output dependent on input pin "multiplier[6]" File: C:/Users/natha/Desktop/github/32-bit-multiplier-private/src/multiplier32.vhd Line: 10
    Warning (15610): No output dependent on input pin "multiplier[7]" File: C:/Users/natha/Desktop/github/32-bit-multiplier-private/src/multiplier32.vhd Line: 10
    Warning (15610): No output dependent on input pin "multiplier[8]" File: C:/Users/natha/Desktop/github/32-bit-multiplier-private/src/multiplier32.vhd Line: 10
    Warning (15610): No output dependent on input pin "multiplier[9]" File: C:/Users/natha/Desktop/github/32-bit-multiplier-private/src/multiplier32.vhd Line: 10
    Warning (15610): No output dependent on input pin "multiplier[10]" File: C:/Users/natha/Desktop/github/32-bit-multiplier-private/src/multiplier32.vhd Line: 10
    Warning (15610): No output dependent on input pin "multiplier[11]" File: C:/Users/natha/Desktop/github/32-bit-multiplier-private/src/multiplier32.vhd Line: 10
    Warning (15610): No output dependent on input pin "multiplier[12]" File: C:/Users/natha/Desktop/github/32-bit-multiplier-private/src/multiplier32.vhd Line: 10
    Warning (15610): No output dependent on input pin "multiplier[13]" File: C:/Users/natha/Desktop/github/32-bit-multiplier-private/src/multiplier32.vhd Line: 10
    Warning (15610): No output dependent on input pin "multiplier[14]" File: C:/Users/natha/Desktop/github/32-bit-multiplier-private/src/multiplier32.vhd Line: 10
    Warning (15610): No output dependent on input pin "multiplier[15]" File: C:/Users/natha/Desktop/github/32-bit-multiplier-private/src/multiplier32.vhd Line: 10
    Warning (15610): No output dependent on input pin "multiplier[16]" File: C:/Users/natha/Desktop/github/32-bit-multiplier-private/src/multiplier32.vhd Line: 10
    Warning (15610): No output dependent on input pin "multiplier[17]" File: C:/Users/natha/Desktop/github/32-bit-multiplier-private/src/multiplier32.vhd Line: 10
    Warning (15610): No output dependent on input pin "multiplier[18]" File: C:/Users/natha/Desktop/github/32-bit-multiplier-private/src/multiplier32.vhd Line: 10
    Warning (15610): No output dependent on input pin "multiplier[19]" File: C:/Users/natha/Desktop/github/32-bit-multiplier-private/src/multiplier32.vhd Line: 10
    Warning (15610): No output dependent on input pin "multiplier[20]" File: C:/Users/natha/Desktop/github/32-bit-multiplier-private/src/multiplier32.vhd Line: 10
    Warning (15610): No output dependent on input pin "multiplier[21]" File: C:/Users/natha/Desktop/github/32-bit-multiplier-private/src/multiplier32.vhd Line: 10
    Warning (15610): No output dependent on input pin "multiplier[22]" File: C:/Users/natha/Desktop/github/32-bit-multiplier-private/src/multiplier32.vhd Line: 10
    Warning (15610): No output dependent on input pin "multiplier[23]" File: C:/Users/natha/Desktop/github/32-bit-multiplier-private/src/multiplier32.vhd Line: 10
    Warning (15610): No output dependent on input pin "multiplier[24]" File: C:/Users/natha/Desktop/github/32-bit-multiplier-private/src/multiplier32.vhd Line: 10
    Warning (15610): No output dependent on input pin "multiplier[25]" File: C:/Users/natha/Desktop/github/32-bit-multiplier-private/src/multiplier32.vhd Line: 10
    Warning (15610): No output dependent on input pin "multiplier[26]" File: C:/Users/natha/Desktop/github/32-bit-multiplier-private/src/multiplier32.vhd Line: 10
    Warning (15610): No output dependent on input pin "multiplier[27]" File: C:/Users/natha/Desktop/github/32-bit-multiplier-private/src/multiplier32.vhd Line: 10
    Warning (15610): No output dependent on input pin "multiplier[28]" File: C:/Users/natha/Desktop/github/32-bit-multiplier-private/src/multiplier32.vhd Line: 10
    Warning (15610): No output dependent on input pin "multiplier[29]" File: C:/Users/natha/Desktop/github/32-bit-multiplier-private/src/multiplier32.vhd Line: 10
    Warning (15610): No output dependent on input pin "multiplier[30]" File: C:/Users/natha/Desktop/github/32-bit-multiplier-private/src/multiplier32.vhd Line: 10
    Warning (15610): No output dependent on input pin "multiplier[31]" File: C:/Users/natha/Desktop/github/32-bit-multiplier-private/src/multiplier32.vhd Line: 10
Info (21057): Implemented 414 device resources after synthesis - the final resource count might be different
    Info (21058): Implemented 66 input pins
    Info (21059): Implemented 131 output pins
    Info (21061): Implemented 217 logic cells
Info: Quartus Prime Analysis & Synthesis was successful. 0 errors, 42 warnings
    Info: Peak virtual memory: 4788 megabytes
    Info: Processing ended: Fri Sep 23 17:49:29 2022
    Info: Elapsed time: 00:00:17
    Info: Total CPU time (on all processors): 00:00:36


